<?xml version="1.0" encoding="UTF-8"?>
<testsuite name="Group.Activity.AppTest" tests="3" skipped="0" failures="0" errors="0" timestamp="2023-04-21T22:15:33" hostname="DESKTOP-ISSPGVP" time="0.013">
  <properties/>
  <testcase name="illegalSize" classname="Group.Activity.AppTest" time="0.008"/>
  <testcase name="even_Checker" classname="Group.Activity.AppTest" time="0.004"/>
  <testcase name="checkSize" classname="Group.Activity.AppTest" time="0.001"/>
  <system-out><![CDATA[]]></system-out>
  <system-err><![CDATA[]]></system-err>
</testsuite>
