<?xml version="1.0" encoding="UTF-8"?>
<testsuite name="Group.Activity.AppTest" tests="3" skipped="0" failures="0" errors="0" timestamp="2023-04-21T16:36:43" hostname="LAPTOP-VT3ND03C" time="0.028">
  <properties/>
  <testcase name="illegalSize" classname="Group.Activity.AppTest" time="0.019"/>
  <testcase name="even_Checker" classname="Group.Activity.AppTest" time="0.008"/>
  <testcase name="checkSize" classname="Group.Activity.AppTest" time="0.0"/>
  <system-out><![CDATA[]]></system-out>
  <system-err><![CDATA[]]></system-err>
</testsuite>
