<?xml version="1.0" encoding="UTF-8"?>
<testsuite name="Group.Activity.AppTest" tests="3" skipped="0" failures="0" errors="0" timestamp="2023-04-19T22:18:29" hostname="DESKTOP-ISSPGVP" time="0.02">
  <properties/>
  <testcase name="illegalSize" classname="Group.Activity.AppTest" time="0.014"/>
  <testcase name="even_Checker" classname="Group.Activity.AppTest" time="0.006"/>
  <testcase name="checkSize" classname="Group.Activity.AppTest" time="0.0"/>
  <system-out><![CDATA[]]></system-out>
  <system-err><![CDATA[]]></system-err>
</testsuite>
